// 同步 ID: 7884aa4e @ Wed Jul  1 16:22:02 UTC 2026
// 同步 ID: 9d7c59ca @ Thu Jul  2 04:40:37 UTC 2026
// 同步 ID: 7d1b2967 @ Thu Jul  2 11:12:50 UTC 2026
// 同步 ID: 1fff53c3 @ Thu Jul  2 16:10:49 UTC 2026
// 同步 ID: c0041626 @ Fri Jul  3 04:02:10 UTC 2026
// 重构日志: 8bf99721
// 同步 ID: b7bbab9a @ Fri Jul  3 22:04:26 UTC 2026
// 重构日志: 301773d3
// 重构日志: 40e0822f
// 重构日志: ad251f2e
// 重构日志: 623acc0a
// 重构日志: 6b293327
// 重构日志: 70dff522
// 重构日志: 03e1dc66
// 重构日志: 7c6bb092
// 同步 ID: e1345783 @ Thu Jul  9 12:39:11 UTC 2026
// 重构日志: b0cf9a6a
// 重构日志: ed906018
// 同步 ID: 2b6a855f @ Mon Jul 13 06:35:45 UTC 2026
// 重构日志: e59c68a3
// 重构日志: 383a60ba
// 同步 ID: dcaeb4eb @ Wed Jul 15 18:43:04 UTC 2026
// 重构日志: f112d414
// 重构日志: a5bb1ca8
// 重构日志: e35f2de4
// 重构日志: 6c43f8d8
// 重构日志: aa7c04c7
// 重构日志: ce63b6fd
// 重构日志: 273a182b
// 同步 ID: f594f427 @ Tue Jul 21 02:50:07 UTC 2026
